Copyright 1986-2022 Xilinx, Inc. All Rights Reserved. Copyright 2022-2024 Advanced Micro Devices, Inc. All Rights Reserved.
-------------------------------------------------------------------------------------------------------------------------------------------------------
| Tool Version : Vivado v.2024.1 (win64) Build 5076996 Wed May 22 18:37:14 MDT 2024
| Date         : Wed Feb  5 20:40:34 2025
| Host         : RyuBAI-PC running 64-bit major release  (build 9200)
| Command      : upgrade_project -migrate_output_products
| Project_Path : E:/Projects/Hardware/gba-io/reference/Aritx7开发板资料d/FPGA例程/100T/microblaze_ddr_100t/microblaze_ddr_100t.xpr
-------------------------------------------------------------------------------------------------------------------------------------------------------

Project Status Summary

1. Project IP Status
--------------------
This project contains 0 IP and 1 Block Designs.


1.1 Project IP Instances
+----------------------------------+-------------------------+-------------------------------------+-------------------------------------+
| Instance Name                    | Status                  | Reason                              | Recommendation                      |
+----------------------------------+-------------------------+-------------------------------------+-------------------------------------+
| bd_top_auto_cc_0                 | Will be Migrated.       |                                     |                                     |
+----------------------------------+-------------------------+-------------------------------------+-------------------------------------+
| bd_top_auto_ds_0                 | Will be Migrated.       |                                     |                                     |
+----------------------------------+-------------------------+-------------------------------------+-------------------------------------+
| bd_top_auto_pc_0                 | Will be Migrated.       |                                     |                                     |
+----------------------------------+-------------------------+-------------------------------------+-------------------------------------+
| bd_top_auto_us_0                 | Will be Migrated.       |                                     |                                     |
+----------------------------------+-------------------------+-------------------------------------+-------------------------------------+
| bd_top_auto_us_1                 | Will be Migrated.       |                                     |                                     |
+----------------------------------+-------------------------+-------------------------------------+-------------------------------------+
| bd_top_axi_uartlite_0_0          | Will be Migrated.       |                                     |                                     |
+----------------------------------+-------------------------+-------------------------------------+-------------------------------------+
| bd_top_clk_wiz_1_0               | Will be Migrated.       |                                     |                                     |
+----------------------------------+-------------------------+-------------------------------------+-------------------------------------+
| bd_top_dlmb_bram_if_cntlr_0      | Will be Migrated.       |                                     |                                     |
+----------------------------------+-------------------------+-------------------------------------+-------------------------------------+
| bd_top_dlmb_v10_0                | Will be Migrated.       |                                     |                                     |
+----------------------------------+-------------------------+-------------------------------------+-------------------------------------+
| bd_top_ilmb_bram_if_cntlr_0      | Will be Migrated.       |                                     |                                     |
+----------------------------------+-------------------------+-------------------------------------+-------------------------------------+
| bd_top_ilmb_v10_0                | Will be Migrated.       |                                     |                                     |
+----------------------------------+-------------------------+-------------------------------------+-------------------------------------+
| bd_top_lmb_bram_0                | Will be Migrated.       |                                     |                                     |
+----------------------------------+-------------------------+-------------------------------------+-------------------------------------+
| bd_top_mdm_1_0                   | Will be Migrated.       |                                     |                                     |
+----------------------------------+-------------------------+-------------------------------------+-------------------------------------+
| bd_top_microblaze_0_0            | Will be Migrated.       |                                     |                                     |
+----------------------------------+-------------------------+-------------------------------------+-------------------------------------+
| bd_top_microblaze_0_axi_periph_0 | Will be Migrated.       |                                     |                                     |
+----------------------------------+-------------------------+-------------------------------------+-------------------------------------+
| bd_top_mig_7series_0_0           | Will be Migrated.       |                                     |                                     |
+----------------------------------+-------------------------+-------------------------------------+-------------------------------------+
| bd_top_rst_clk_wiz_1_100M_0      | Will be Migrated.       |                                     |                                     |
+----------------------------------+-------------------------+-------------------------------------+-------------------------------------+
| bd_top_rst_mig_7series_0_100M_0  | Will be Migrated.       |                                     |                                     |
+----------------------------------+-------------------------+-------------------------------------+-------------------------------------+
| bd_top_xbar_0                    | Will be Migrated.       |                                     |                                     |
+----------------------------------+-------------------------+-------------------------------------+-------------------------------------+


1.2 Project Block Designs
+--------+-------------------------+-------------------------------------+-------------------------------------+
| Design | Status                  | Reason                              | Recommendation                      |
| Name   |                         |                                     |                                     |
+--------+-------------------------+-------------------------------------+-------------------------------------+
| bd_top | Will be Migrated.       |                                     |                                     |
+--------+-------------------------+-------------------------------------+-------------------------------------+



