Copyright 1986-2022 Xilinx, Inc. All Rights Reserved. Copyright 2022-2024 Advanced Micro Devices, Inc. All Rights Reserved.
---------------------------------------------------------------------------------------------------------------------------------------------
| Tool Version : Vivado v.2024.1 (win64) Build 5076996 Wed May 22 18:37:14 MDT 2024
| Date         : Sat Feb 22 14:29:28 2025
| Host         : RyuBAI-PC running 64-bit major release  (build 9200)
| Command      : report_clock_utilization -file top_clock_utilization_routed.rpt
| Design       : top
| Device       : 7a100t-fgg484
| Speed File   : -2  PRODUCTION 1.23 2018-06-13
| Design State : Routed
---------------------------------------------------------------------------------------------------------------------------------------------

Clock Utilization Report

Table of Contents
-----------------
1. Clock Primitive Utilization
2. Global Clock Resources
3. Global Clock Source Details
4. Local Clock Details
5. Clock Regions: Key Resource Utilization
6. Clock Regions : Global Clock Summary
7. Device Cell Placement Summary for Global Clock g0
8. Device Cell Placement Summary for Global Clock g1
9. Device Cell Placement Summary for Global Clock g2
10. Device Cell Placement Summary for Global Clock g3
11. Device Cell Placement Summary for Global Clock g4
12. Clock Region Cell Placement per Global Clock: Region X0Y1
13. Clock Region Cell Placement per Global Clock: Region X1Y1
14. Clock Region Cell Placement per Global Clock: Region X0Y2
15. Clock Region Cell Placement per Global Clock: Region X1Y2

1. Clock Primitive Utilization
------------------------------

+----------+------+-----------+-----+--------------+--------+
| Type     | Used | Available | LOC | Clock Region | Pblock |
+----------+------+-----------+-----+--------------+--------+
| BUFGCTRL |    4 |        32 |   0 |            0 |      0 |
| BUFH     |    1 |        96 |   0 |            0 |      0 |
| BUFIO    |    0 |        24 |   0 |            0 |      0 |
| BUFMR    |    0 |        12 |   0 |            0 |      0 |
| BUFR     |    0 |        24 |   0 |            0 |      0 |
| MMCM     |    1 |         6 |   1 |            0 |      0 |
| PLL      |    2 |         6 |   1 |            0 |      0 |
+----------+------+-----------+-----+--------------+--------+


2. Global Clock Resources
-------------------------

+-----------+-----------+-----------------+------------+----------------+--------------+-------------------+-------------+-----------------+--------------+--------------+---------------------------------------------------------------------------------------------------+------------------------------------------------------------------------------------------+
| Global Id | Source Id | Driver Type/Pin | Constraint | Site           | Clock Region | Load Clock Region | Clock Loads | Non-Clock Loads | Clock Period | Clock        | Driver Pin                                                                                        | Net                                                                                      |
+-----------+-----------+-----------------+------------+----------------+--------------+-------------------+-------------+-----------------+--------------+--------------+---------------------------------------------------------------------------------------------------+------------------------------------------------------------------------------------------+
| g0        | src0      | BUFG/O          | None       | BUFGCTRL_X0Y16 | n/a          |                 4 |        8098 |               0 |       10.000 | clk_pll_i    | vfifo_i/vfifo_i/mig_7series_0/u_vfifo_mig_7series_0_0_mig/u_ddr3_infrastructure/u_bufg_clkdiv0/O  | vfifo_i/vfifo_i/mig_7series_0/u_vfifo_mig_7series_0_0_mig/u_ddr3_infrastructure/CLK      |
| g1        | src1      | BUFG/O          | None       | BUFGCTRL_X0Y19 | n/a          |                 3 |         744 |               0 |       10.000 | clk_100      | clk_100_BUFG_inst/O                                                                               | clk_100_BUFG                                                                             |
| g2        | src2      | BUFG/O          | None       | BUFGCTRL_X0Y17 | n/a          |                 3 |          63 |               0 |        5.000 | clk_ref      | clk_ref_BUFG_inst/O                                                                               | clk_ref_BUFG                                                                             |
| g3        | src3      | BUFH/O          | None       | BUFHCE_X1Y24   | X1Y2         |                 1 |           1 |               0 |       10.000 | pll_clk3_out | vfifo_i/vfifo_i/mig_7series_0/u_vfifo_mig_7series_0_0_mig/u_ddr3_infrastructure/u_bufh_pll_clk3/O | vfifo_i/vfifo_i/mig_7series_0/u_vfifo_mig_7series_0_0_mig/u_ddr3_infrastructure/pll_clk3 |
| g4        | src4      | BUFG/O          | None       | BUFGCTRL_X0Y18 | n/a          |                 1 |           0 |               1 |       10.000 | clk_out_OBUF | clk_out_OBUF_BUFG_inst/O                                                                          | clk_out_OBUF_BUFG                                                                        |
+-----------+-----------+-----------------+------------+----------------+--------------+-------------------+-------------+-----------------+--------------+--------------+---------------------------------------------------------------------------------------------------+------------------------------------------------------------------------------------------+
* Clock Loads column represents cell count of net connects that connect to a clock pin. Internal cell leaf pins are not considered
** Non-Clock Loads column represents cell count of non-clock pin loads


3. Global Clock Source Details
------------------------------

+-----------+-----------+---------------------+-----------------+-----------------+--------------+-------------+-----------------+---------------------+--------------+----------------------------------------------------------------------------------------------------------+----------------------------------------------------------------------------------------------+
| Source Id | Global Id | Driver Type/Pin     | Constraint      | Site            | Clock Region | Clock Loads | Non-Clock Loads | Source Clock Period | Source Clock | Driver Pin                                                                                               | Net                                                                                          |
+-----------+-----------+---------------------+-----------------+-----------------+--------------+-------------+-----------------+---------------------+--------------+----------------------------------------------------------------------------------------------------------+----------------------------------------------------------------------------------------------+
| src0      | g0        | MMCME2_ADV/CLKFBOUT | MMCME2_ADV_X1Y2 | MMCME2_ADV_X1Y2 | X1Y2         |           1 |               0 |              10.000 | clk_pll_i    | vfifo_i/vfifo_i/mig_7series_0/u_vfifo_mig_7series_0_0_mig/u_ddr3_infrastructure/gen_mmcm.mmcm_i/CLKFBOUT | vfifo_i/vfifo_i/mig_7series_0/u_vfifo_mig_7series_0_0_mig/u_ddr3_infrastructure/clk_pll_i    |
| src1      | g1        | PLLE2_ADV/CLKOUT0   | None            | PLLE2_ADV_X0Y3  | X0Y3         |           1 |               0 |              10.000 | clk_100      | PLLE2_BASE_inst/CLKOUT0                                                                                  | clk_100                                                                                      |
| src2      | g2        | PLLE2_ADV/CLKOUT2   | None            | PLLE2_ADV_X0Y3  | X0Y3         |           1 |               0 |               5.000 | clk_ref      | PLLE2_BASE_inst/CLKOUT2                                                                                  | clk_ref                                                                                      |
| src3      | g3        | PLLE2_ADV/CLKOUT3   | PLLE2_ADV_X1Y2  | PLLE2_ADV_X1Y2  | X1Y2         |           1 |               0 |              10.000 | pll_clk3_out | vfifo_i/vfifo_i/mig_7series_0/u_vfifo_mig_7series_0_0_mig/u_ddr3_infrastructure/plle2_i/CLKOUT3          | vfifo_i/vfifo_i/mig_7series_0/u_vfifo_mig_7series_0_0_mig/u_ddr3_infrastructure/pll_clk3_out |
| src4      | g4        | PLLE2_ADV/CLKOUT1   | None            | PLLE2_ADV_X0Y3  | X0Y3         |           1 |               0 |              10.000 | clk_out_OBUF | PLLE2_BASE_inst/CLKOUT1                                                                                  | clk_out_OBUF                                                                                 |
+-----------+-----------+---------------------+-----------------+-----------------+--------------+-------------+-----------------+---------------------+--------------+----------------------------------------------------------------------------------------------------------+----------------------------------------------------------------------------------------------+
* Clock Loads column represents cell count of net connects that connect to a clock pin. Internal cell leaf pins are not considered
** Non-Clock Loads column represents cell count of non-clock pin loads


4. Local Clock Details
----------------------

+----------+----------------------------+---------------------+------------------------------------+--------------+-------------+-----------------+--------------+---------------+--------------------------------------------------------------------------------------------------------------------------------------------------------------------------------------------------------------------------------+-----------------------------------------------------------------------------------------------------------------------------------------------------------------------------------------------------------------------------+
| Local Id | Driver Type/Pin            | Constraint          | Site/BEL                           | Clock Region | Clock Loads | Non-Clock Loads | Clock Period | Clock         | Driver Pin                                                                                                                                                                                                                     | Net                                                                                                                                                                                                                         |
+----------+----------------------------+---------------------+------------------------------------+--------------+-------------+-----------------+--------------+---------------+--------------------------------------------------------------------------------------------------------------------------------------------------------------------------------------------------------------------------------+-----------------------------------------------------------------------------------------------------------------------------------------------------------------------------------------------------------------------------+
| 0        | PLLE2_ADV/CLKOUT0          | PLLE2_ADV_X1Y2      | PLLE2_ADV_X1Y2/PLLE2_ADV           | X1Y2         |           7 |               2 |        1.250 | freq_refclk   | vfifo_i/vfifo_i/mig_7series_0/u_vfifo_mig_7series_0_0_mig/u_ddr3_infrastructure/plle2_i/CLKOUT0                                                                                                                                | vfifo_i/vfifo_i/mig_7series_0/u_vfifo_mig_7series_0_0_mig/u_ddr3_infrastructure/freq_refclk                                                                                                                                 |
| 1        | PLLE2_ADV/CLKOUT1          | PLLE2_ADV_X1Y2      | PLLE2_ADV_X1Y2/PLLE2_ADV           | X1Y2         |           2 |               7 |        2.500 | mem_refclk    | vfifo_i/vfifo_i/mig_7series_0/u_vfifo_mig_7series_0_0_mig/u_ddr3_infrastructure/plle2_i/CLKOUT1                                                                                                                                | vfifo_i/vfifo_i/mig_7series_0/u_vfifo_mig_7series_0_0_mig/u_ddr3_infrastructure/mem_refclk                                                                                                                                  |
| 2        | PHASER_OUT_PHY/OCLKDELAYED | PHASER_OUT_PHY_X1Y8 | PHASER_OUT_PHY_X1Y8/PHASER_OUT_PHY | X1Y2         |           2 |               0 |        2.500 | oserdes_clk   | vfifo_i/vfifo_i/mig_7series_0/u_vfifo_mig_7series_0_0_mig/u_memc_ui_top_axi/mem_intfc0/ddr_phy_top0/u_ddr_mc_phy_wrapper/u_ddr_mc_phy/ddr_phy_4lanes_0.u_ddr_phy_4lanes/ddr_byte_lane_A.ddr_byte_lane_A/phaser_out/OCLKDELAYED | vfifo_i/vfifo_i/mig_7series_0/u_vfifo_mig_7series_0_0_mig/u_memc_ui_top_axi/mem_intfc0/ddr_phy_top0/u_ddr_mc_phy_wrapper/u_ddr_mc_phy/ddr_phy_4lanes_0.u_ddr_phy_4lanes/ddr_byte_lane_A.ddr_byte_lane_A/oserdes_clk_delayed |
| 3        | PHASER_OUT_PHY/OCLKDELAYED | PHASER_OUT_PHY_X1Y7 | PHASER_OUT_PHY_X1Y7/PHASER_OUT_PHY | X1Y1         |           2 |               0 |        2.500 | oserdes_clk_4 | vfifo_i/vfifo_i/mig_7series_0/u_vfifo_mig_7series_0_0_mig/u_memc_ui_top_axi/mem_intfc0/ddr_phy_top0/u_ddr_mc_phy_wrapper/u_ddr_mc_phy/ddr_phy_4lanes_1.u_ddr_phy_4lanes/ddr_byte_lane_D.ddr_byte_lane_D/phaser_out/OCLKDELAYED | vfifo_i/vfifo_i/mig_7series_0/u_vfifo_mig_7series_0_0_mig/u_memc_ui_top_axi/mem_intfc0/ddr_phy_top0/u_ddr_mc_phy_wrapper/u_ddr_mc_phy/ddr_phy_4lanes_1.u_ddr_phy_4lanes/ddr_byte_lane_D.ddr_byte_lane_D/oserdes_clk_delayed |
+----------+----------------------------+---------------------+------------------------------------+--------------+-------------+-----------------+--------------+---------------+--------------------------------------------------------------------------------------------------------------------------------------------------------------------------------------------------------------------------------+-----------------------------------------------------------------------------------------------------------------------------------------------------------------------------------------------------------------------------+
* Local Clocks in this context represents only clocks driven by non-global buffers
** Clock Loads column represents cell count of net connects that connect to a clock pin. Internal cell leaf pins are not considered
*** Non-Clock Loads column represents cell count of non-clock pin loads


5. Clock Regions: Key Resource Utilization
------------------------------------------

+-------------------+--------------+--------------+--------------+--------------+--------------+--------------+--------------+--------------+--------------+--------------+--------------+--------------+--------------+--------------+--------------+
|                   | Global Clock |     BUFRs    |    BUFMRs    |    BUFIOs    |     MMCM     |      PLL     |      GT      |      PCI     |    ILOGIC    |    OLOGIC    |      FF      |     LUTM     |    RAMB18    |    RAMB36    |    DSP48E2   |
+-------------------+------+-------+------+-------+------+-------+------+-------+------+-------+------+-------+------+-------+------+-------+------+-------+------+-------+------+-------+------+-------+------+-------+------+-------+------+-------+
| Clock Region Name | Used | Avail | Used | Avail | Used | Avail | Used | Avail | Used | Avail | Used | Avail | Used | Avail | Used | Avail | Used | Avail | Used | Avail | Used | Avail | Used | Avail | Used | Avail | Used | Avail | Used | Avail |
+-------------------+------+-------+------+-------+------+-------+------+-------+------+-------+------+-------+------+-------+------+-------+------+-------+------+-------+------+-------+------+-------+------+-------+------+-------+------+-------+
| X0Y0              |    0 |    12 |    0 |     4 |    0 |     2 |    0 |     4 |    0 |     1 |    0 |     1 |    0 |     0 |    0 |     0 |    0 |    50 |    0 |    50 |    0 |  2600 |    0 |   600 |    0 |    20 |    0 |    10 |    0 |    20 |
| X1Y0              |    0 |    12 |    0 |     0 |    0 |     0 |    0 |     0 |    0 |     0 |    0 |     0 |    0 |     4 |    0 |     0 |    0 |     0 |    0 |     0 |    0 |  1500 |    0 |   550 |    0 |    40 |    0 |    20 |    0 |    40 |
| X0Y1              |    1 |    12 |    0 |     4 |    0 |     2 |    0 |     4 |    0 |     1 |    0 |     1 |    0 |     0 |    0 |     0 |    0 |    50 |    0 |    50 |  816 |  2000 |  336 |   600 |    2 |    20 |    0 |    10 |    0 |    20 |
| X1Y1              |    3 |    12 |    0 |     4 |    0 |     2 |    0 |     4 |    0 |     1 |    0 |     1 |    0 |     0 |    0 |     0 |    0 |    50 |    2 |    50 | 3485 |  1900 | 1364 |   650 |    3 |    60 |    4 |    30 |    0 |    40 |
| X0Y2              |    4 |    12 |    0 |     4 |    0 |     2 |    0 |     4 |    0 |     1 |    0 |     1 |    0 |     0 |    0 |     0 |    0 |    50 |    0 |    50 | 1127 |  2000 |  291 |   600 |    0 |    20 |    0 |    10 |    0 |    20 |
| X1Y2              |    4 |    12 |    0 |     4 |    0 |     2 |    0 |     4 |    1 |     1 |    0 |     1 |    0 |     0 |    0 |     0 |    0 |    50 |    2 |    50 | 2982 |  1900 | 1101 |   650 |    1 |    60 |   20 |    30 |    0 |    40 |
| X0Y3              |    0 |    12 |    0 |     4 |    0 |     2 |    0 |     4 |    0 |     1 |    0 |     1 |    0 |     0 |    0 |     0 |    0 |    50 |    0 |    50 |    0 |  2600 |    0 |   600 |    0 |    20 |    0 |    10 |    0 |    20 |
| X1Y3              |    0 |    12 |    0 |     0 |    0 |     0 |    0 |     0 |    0 |     0 |    0 |     0 |    0 |     4 |    0 |     1 |    0 |     0 |    0 |     0 |    0 |  1350 |    0 |   500 |    0 |    30 |    0 |    15 |    0 |    40 |
+-------------------+------+-------+------+-------+------+-------+------+-------+------+-------+------+-------+------+-------+------+-------+------+-------+------+-------+------+-------+------+-------+------+-------+------+-------+------+-------+
* Global Clock column represents track count; while other columns represents cell counts


6. Clock Regions : Global Clock Summary
---------------------------------------

All Modules
+----+----+----+
|    | X0 | X1 |
+----+----+----+
| Y3 |  0 |  0 |
| Y2 |  0 |  0 |
| Y1 |  0 |  0 |
| Y0 |  0 |  0 |
+----+----+----+


7. Device Cell Placement Summary for Global Clock g0
----------------------------------------------------

+-----------+-----------------+-------------------+-----------+-------------+---------------+-------------+----------+----------------+----------+-------------------------------------------------------------------------------------+
| Global Id | Driver Type/Pin | Driver Region (D) | Clock     | Period (ns) | Waveform (ns) | Slice Loads | IO Loads | Clocking Loads | GT Loads | Net                                                                                 |
+-----------+-----------------+-------------------+-----------+-------------+---------------+-------------+----------+----------------+----------+-------------------------------------------------------------------------------------+
| g0        | BUFG/O          | n/a               | clk_pll_i |      10.000 | {0.000 5.000} |        7958 |        0 |              1 |        0 | vfifo_i/vfifo_i/mig_7series_0/u_vfifo_mig_7series_0_0_mig/u_ddr3_infrastructure/CLK |
+-----------+-----------------+-------------------+-----------+-------------+---------------+-------------+----------+----------------+----------+-------------------------------------------------------------------------------------+
* Slice Loads column represents load cell count of all cell types other than IO, GT and clock resources
** IO Loads column represents load cell count of IO types
*** Clocking Loads column represents load cell count that are clock resources (global clock buffer, MMCM, PLL, etc)
**** GT Loads column represents load cell count of GT types


+----+-------+-------+-----------------------+
|    | X0    | X1    | HORIZONTAL PROG DELAY |
+----+-------+-------+-----------------------+
| Y3 |     0 |     0 |                     - |
| Y2 |  1081 |  2344 |                     0 |
| Y1 |   878 |  3656 |                     0 |
| Y0 |     0 |     0 |                     - |
+----+-------+-------+-----------------------+


8. Device Cell Placement Summary for Global Clock g1
----------------------------------------------------

+-----------+-----------------+-------------------+---------+-------------+---------------+-------------+----------+----------------+----------+--------------+
| Global Id | Driver Type/Pin | Driver Region (D) | Clock   | Period (ns) | Waveform (ns) | Slice Loads | IO Loads | Clocking Loads | GT Loads | Net          |
+-----------+-----------------+-------------------+---------+-------------+---------------+-------------+----------+----------------+----------+--------------+
| g1        | BUFG/O          | n/a               | clk_100 |      10.000 | {0.000 5.000} |         744 |        0 |              0 |        0 | clk_100_BUFG |
+-----------+-----------------+-------------------+---------+-------------+---------------+-------------+----------+----------------+----------+--------------+
* Slice Loads column represents load cell count of all cell types other than IO, GT and clock resources
** IO Loads column represents load cell count of IO types
*** Clocking Loads column represents load cell count that are clock resources (global clock buffer, MMCM, PLL, etc)
**** GT Loads column represents load cell count of GT types


+----+-----+------+-----------------------+
|    | X0  | X1   | HORIZONTAL PROG DELAY |
+----+-----+------+-----------------------+
| Y3 |   0 |    0 |                     - |
| Y2 |  11 |  720 |                     0 |
| Y1 |   0 |   13 |                     0 |
| Y0 |   0 |    0 |                     - |
+----+-----+------+-----------------------+


9. Device Cell Placement Summary for Global Clock g2
----------------------------------------------------

+-----------+-----------------+-------------------+---------+-------------+---------------+-------------+----------+----------------+----------+--------------+
| Global Id | Driver Type/Pin | Driver Region (D) | Clock   | Period (ns) | Waveform (ns) | Slice Loads | IO Loads | Clocking Loads | GT Loads | Net          |
+-----------+-----------------+-------------------+---------+-------------+---------------+-------------+----------+----------------+----------+--------------+
| g2        | BUFG/O          | n/a               | clk_ref |       5.000 | {0.000 2.500} |          63 |        0 |              0 |        0 | clk_ref_BUFG |
+-----------+-----------------+-------------------+---------+-------------+---------------+-------------+----------+----------------+----------+--------------+
* Slice Loads column represents load cell count of all cell types other than IO, GT and clock resources
** IO Loads column represents load cell count of IO types
*** Clocking Loads column represents load cell count that are clock resources (global clock buffer, MMCM, PLL, etc)
**** GT Loads column represents load cell count of GT types


+----+-----+-----+-----------------------+
|    | X0  | X1  | HORIZONTAL PROG DELAY |
+----+-----+-----+-----------------------+
| Y3 |   0 |   0 |                     - |
| Y2 |  46 |  16 |                     0 |
| Y1 |   0 |   1 |                     0 |
| Y0 |   0 |   0 |                     - |
+----+-----+-----+-----------------------+


10. Device Cell Placement Summary for Global Clock g3
-----------------------------------------------------

+-----------+-----------------+-------------------+--------------+-------------+---------------+-------------+----------+----------------+----------+------------------------------------------------------------------------------------------+
| Global Id | Driver Type/Pin | Driver Region (D) | Clock        | Period (ns) | Waveform (ns) | Slice Loads | IO Loads | Clocking Loads | GT Loads | Net                                                                                      |
+-----------+-----------------+-------------------+--------------+-------------+---------------+-------------+----------+----------------+----------+------------------------------------------------------------------------------------------+
| g3        | BUFH/O          | X1Y2              | pll_clk3_out |      10.000 | {0.000 5.000} |           0 |        0 |              1 |        0 | vfifo_i/vfifo_i/mig_7series_0/u_vfifo_mig_7series_0_0_mig/u_ddr3_infrastructure/pll_clk3 |
+-----------+-----------------+-------------------+--------------+-------------+---------------+-------------+----------+----------------+----------+------------------------------------------------------------------------------------------+
* Slice Loads column represents load cell count of all cell types other than IO, GT and clock resources
** IO Loads column represents load cell count of IO types
*** Clocking Loads column represents load cell count that are clock resources (global clock buffer, MMCM, PLL, etc)
**** GT Loads column represents load cell count of GT types


+----+----+--------+-----------------------+
|    | X0 | X1     | HORIZONTAL PROG DELAY |
+----+----+--------+-----------------------+
| Y3 |  0 |      0 |                     - |
| Y2 |  0 |  (D) 1 |                     0 |
| Y1 |  0 |      0 |                     - |
| Y0 |  0 |      0 |                     - |
+----+----+--------+-----------------------+


11. Device Cell Placement Summary for Global Clock g4
-----------------------------------------------------

+-----------+-----------------+-------------------+--------------+-------------+----------------+-------------+----------+----------------+----------+-------------------+
| Global Id | Driver Type/Pin | Driver Region (D) | Clock        | Period (ns) | Waveform (ns)  | Slice Loads | IO Loads | Clocking Loads | GT Loads | Net               |
+-----------+-----------------+-------------------+--------------+-------------+----------------+-------------+----------+----------------+----------+-------------------+
| g4        | BUFG/O          | n/a               | clk_out_OBUF |      10.000 | {5.000 10.000} |           0 |        1 |              0 |        0 | clk_out_OBUF_BUFG |
+-----------+-----------------+-------------------+--------------+-------------+----------------+-------------+----------+----------------+----------+-------------------+
* Slice Loads column represents load cell count of all cell types other than IO, GT and clock resources
** IO Loads column represents load cell count of IO types
*** Clocking Loads column represents load cell count that are clock resources (global clock buffer, MMCM, PLL, etc)
**** GT Loads column represents load cell count of GT types


+----+----+----+-----------------------+
|    | X0 | X1 | HORIZONTAL PROG DELAY |
+----+----+----+-----------------------+
| Y3 |  0 |  0 |                     - |
| Y2 |  1 |  0 |                     0 |
| Y1 |  0 |  0 |                     - |
| Y0 |  0 |  0 |                     - |
+----+----+----+-----------------------+


12. Clock Region Cell Placement per Global Clock: Region X0Y1
-------------------------------------------------------------

+-----------+-------+-----------------+------------+-------------+-----------------+-----+-------------+------+-----+----+------+-----+---------+-------------------------------------------------------------------------------------+
| Global Id | Track | Driver Type/Pin | Constraint | Clock Loads | Non-Clock Loads | FF  | Memory LUTs | RAMB | DSP | GT | MMCM | PLL | Hard IP | Net                                                                                 |
+-----------+-------+-----------------+------------+-------------+-----------------+-----+-------------+------+-----+----+------+-----+---------+-------------------------------------------------------------------------------------+
| g0        | n/a   | BUFG/O          | None       |         878 |               0 | 816 |          58 |    2 |   0 |  0 |    0 |   0 |       0 | vfifo_i/vfifo_i/mig_7series_0/u_vfifo_mig_7series_0_0_mig/u_ddr3_infrastructure/CLK |
+-----------+-------+-----------------+------------+-------------+-----------------+-----+-------------+------+-----+----+------+-----+---------+-------------------------------------------------------------------------------------+
* Clock Loads column represents cell count of net connects that connect to a clock pin. Internal cell leaf pins are not considered
** Non-Clock Loads column represents cell count of non-clock pin loads
*** Columns FF, LUTRAM, RAMB through 'Hard IP' represents load cell counts


13. Clock Region Cell Placement per Global Clock: Region X1Y1
-------------------------------------------------------------

+-----------+-------+-----------------+------------+-------------+-----------------+------+-------------+------+-----+----+------+-----+---------+-------------------------------------------------------------------------------------+
| Global Id | Track | Driver Type/Pin | Constraint | Clock Loads | Non-Clock Loads | FF   | Memory LUTs | RAMB | DSP | GT | MMCM | PLL | Hard IP | Net                                                                                 |
+-----------+-------+-----------------+------------+-------------+-----------------+------+-------------+------+-----+----+------+-----+---------+-------------------------------------------------------------------------------------+
| g0        | n/a   | BUFG/O          | None       |        3656 |               0 | 3476 |         163 |    3 |   0 |  0 |    0 |   0 |       0 | vfifo_i/vfifo_i/mig_7series_0/u_vfifo_mig_7series_0_0_mig/u_ddr3_infrastructure/CLK |
| g1        | n/a   | BUFG/O          | None       |          13 |               0 |    9 |           0 |    4 |   0 |  0 |    0 |   0 |       0 | clk_100_BUFG                                                                        |
| g2        | n/a   | BUFG/O          | None       |           1 |               0 |    0 |           0 |    0 |   0 |  0 |    0 |   0 |       0 | clk_ref_BUFG                                                                        |
+-----------+-------+-----------------+------------+-------------+-----------------+------+-------------+------+-----+----+------+-----+---------+-------------------------------------------------------------------------------------+
* Clock Loads column represents cell count of net connects that connect to a clock pin. Internal cell leaf pins are not considered
** Non-Clock Loads column represents cell count of non-clock pin loads
*** Columns FF, LUTRAM, RAMB through 'Hard IP' represents load cell counts


14. Clock Region Cell Placement per Global Clock: Region X0Y2
-------------------------------------------------------------

+-----------+-------+-----------------+------------+-------------+-----------------+------+-------------+------+-----+----+------+-----+---------+-------------------------------------------------------------------------------------+
| Global Id | Track | Driver Type/Pin | Constraint | Clock Loads | Non-Clock Loads | FF   | Memory LUTs | RAMB | DSP | GT | MMCM | PLL | Hard IP | Net                                                                                 |
+-----------+-------+-----------------+------------+-------------+-----------------+------+-------------+------+-----+----+------+-----+---------+-------------------------------------------------------------------------------------+
| g0        | n/a   | BUFG/O          | None       |        1081 |               0 | 1071 |          10 |    0 |   0 |  0 |    0 |   0 |       0 | vfifo_i/vfifo_i/mig_7series_0/u_vfifo_mig_7series_0_0_mig/u_ddr3_infrastructure/CLK |
| g1        | n/a   | BUFG/O          | None       |          11 |               0 |   11 |           0 |    0 |   0 |  0 |    0 |   0 |       0 | clk_100_BUFG                                                                        |
| g2        | n/a   | BUFG/O          | None       |          46 |               0 |   45 |           0 |    0 |   0 |  0 |    0 |   0 |       0 | clk_ref_BUFG                                                                        |
| g4        | n/a   | BUFG/O          | None       |           0 |               1 |    0 |           0 |    0 |   0 |  0 |    0 |   0 |       0 | clk_out_OBUF_BUFG                                                                   |
+-----------+-------+-----------------+------------+-------------+-----------------+------+-------------+------+-----+----+------+-----+---------+-------------------------------------------------------------------------------------+
* Clock Loads column represents cell count of net connects that connect to a clock pin. Internal cell leaf pins are not considered
** Non-Clock Loads column represents cell count of non-clock pin loads
*** Columns FF, LUTRAM, RAMB through 'Hard IP' represents load cell counts


15. Clock Region Cell Placement per Global Clock: Region X1Y2
-------------------------------------------------------------

+-----------+-------+-----------------+------------+-------------+-----------------+------+-------------+------+-----+----+------+-----+---------+------------------------------------------------------------------------------------------+
| Global Id | Track | Driver Type/Pin | Constraint | Clock Loads | Non-Clock Loads | FF   | Memory LUTs | RAMB | DSP | GT | MMCM | PLL | Hard IP | Net                                                                                      |
+-----------+-------+-----------------+------------+-------------+-----------------+------+-------------+------+-----+----+------+-----+---------+------------------------------------------------------------------------------------------+
| g0        | n/a   | BUFG/O          | None       |        2344 |               0 | 2274 |          48 |    2 |   0 |  0 |    1 |   0 |       0 | vfifo_i/vfifo_i/mig_7series_0/u_vfifo_mig_7series_0_0_mig/u_ddr3_infrastructure/CLK      |
| g1        | n/a   | BUFG/O          | None       |         720 |               0 |  693 |           4 |   21 |   0 |  0 |    0 |   0 |       0 | clk_100_BUFG                                                                             |
| g2        | n/a   | BUFG/O          | None       |          16 |               0 |   15 |           0 |    0 |   0 |  0 |    0 |   0 |       0 | clk_ref_BUFG                                                                             |
| g3        | n/a   | BUFH/O          | None       |           1 |               0 |    0 |           0 |    0 |   0 |  0 |    1 |   0 |       0 | vfifo_i/vfifo_i/mig_7series_0/u_vfifo_mig_7series_0_0_mig/u_ddr3_infrastructure/pll_clk3 |
+-----------+-------+-----------------+------------+-------------+-----------------+------+-------------+------+-----+----+------+-----+---------+------------------------------------------------------------------------------------------+
* Clock Loads column represents cell count of net connects that connect to a clock pin. Internal cell leaf pins are not considered
** Non-Clock Loads column represents cell count of non-clock pin loads
*** Columns FF, LUTRAM, RAMB through 'Hard IP' represents load cell counts



# Location of BUFG Primitives 
set_property LOC BUFGCTRL_X0Y16 [get_cells vfifo_i/vfifo_i/mig_7series_0/u_vfifo_mig_7series_0_0_mig/u_ddr3_infrastructure/u_bufg_clkdiv0]
set_property LOC BUFGCTRL_X0Y17 [get_cells clk_ref_BUFG_inst]
set_property LOC BUFGCTRL_X0Y18 [get_cells clk_out_OBUF_BUFG_inst]
set_property LOC BUFGCTRL_X0Y19 [get_cells clk_100_BUFG_inst]

# Location of BUFH Primitives 
set_property LOC BUFHCE_X1Y24 [get_cells vfifo_i/vfifo_i/mig_7series_0/u_vfifo_mig_7series_0_0_mig/u_ddr3_infrastructure/u_bufh_pll_clk3]

# Location of IO Primitives which is load of clock spine
set_property LOC IOB_X0Y126 [get_cells clk_out_OBUF_inst]

# Location of clock ports
set_property LOC IOB_X0Y176 [get_ports clk]
set_property LOC IOB_X1Y124 [get_ports sys_clk_i_0]

# Clock net "vfifo_i/vfifo_i/mig_7series_0/u_vfifo_mig_7series_0_0_mig/u_ddr3_infrastructure/CLK" driven by instance "vfifo_i/vfifo_i/mig_7series_0/u_vfifo_mig_7series_0_0_mig/u_ddr3_infrastructure/u_bufg_clkdiv0" located at site "BUFGCTRL_X0Y16"
#startgroup
create_pblock {CLKAG_vfifo_i/vfifo_i/mig_7series_0/u_vfifo_mig_7series_0_0_mig/u_ddr3_infrastructure/CLK}
add_cells_to_pblock [get_pblocks  {CLKAG_vfifo_i/vfifo_i/mig_7series_0/u_vfifo_mig_7series_0_0_mig/u_ddr3_infrastructure/CLK}] [get_cells -filter { PRIMITIVE_GROUP != I/O && IS_PRIMITIVE==1 && PRIMITIVE_LEVEL !=INTERNAL && NAME!=vfifo_i/vfifo_i/mig_7series_0/u_vfifo_mig_7series_0_0_mig/u_ddr3_infrastructure/gen_mmcm.mmcm_i} -of_object [get_pins -filter {DIRECTION==IN} -of_objects [get_nets -hierarchical -filter {PARENT=="vfifo_i/vfifo_i/mig_7series_0/u_vfifo_mig_7series_0_0_mig/u_ddr3_infrastructure/CLK"}]]]
resize_pblock [get_pblocks {CLKAG_vfifo_i/vfifo_i/mig_7series_0/u_vfifo_mig_7series_0_0_mig/u_ddr3_infrastructure/CLK}] -add {CLOCKREGION_X0Y1:CLOCKREGION_X0Y1 CLOCKREGION_X0Y2:CLOCKREGION_X0Y2 CLOCKREGION_X1Y1:CLOCKREGION_X1Y1 CLOCKREGION_X1Y2:CLOCKREGION_X1Y2}
#endgroup

# Clock net "clk_ref_BUFG" driven by instance "clk_ref_BUFG_inst" located at site "BUFGCTRL_X0Y17"
#startgroup
create_pblock {CLKAG_clk_ref_BUFG}
add_cells_to_pblock [get_pblocks  {CLKAG_clk_ref_BUFG}] [get_cells -filter { PRIMITIVE_GROUP != I/O && IS_PRIMITIVE==1 && PRIMITIVE_LEVEL !=INTERNAL } -of_object [get_pins -filter {DIRECTION==IN} -of_objects [get_nets -hierarchical -filter {PARENT=="clk_ref_BUFG"}]]]
resize_pblock [get_pblocks {CLKAG_clk_ref_BUFG}] -add {CLOCKREGION_X0Y2:CLOCKREGION_X0Y2 CLOCKREGION_X1Y1:CLOCKREGION_X1Y1 CLOCKREGION_X1Y2:CLOCKREGION_X1Y2}
#endgroup

# Clock net "clk_100_BUFG" driven by instance "clk_100_BUFG_inst" located at site "BUFGCTRL_X0Y19"
#startgroup
create_pblock {CLKAG_clk_100_BUFG}
add_cells_to_pblock [get_pblocks  {CLKAG_clk_100_BUFG}] [get_cells -filter { PRIMITIVE_GROUP != I/O && IS_PRIMITIVE==1 && PRIMITIVE_LEVEL !=INTERNAL } -of_object [get_pins -filter {DIRECTION==IN} -of_objects [get_nets -hierarchical -filter {PARENT=="clk_100_BUFG"}]]]
resize_pblock [get_pblocks {CLKAG_clk_100_BUFG}] -add {CLOCKREGION_X0Y2:CLOCKREGION_X0Y2 CLOCKREGION_X1Y1:CLOCKREGION_X1Y1 CLOCKREGION_X1Y2:CLOCKREGION_X1Y2}
#endgroup
