Copyright 1986-2022 Xilinx, Inc. All Rights Reserved. Copyright 2022-2024 Advanced Micro Devices, Inc. All Rights Reserved.
---------------------------------------------------------------------------------------------------------------------------------------------
| Tool Version : Vivado v.2024.1 (win64) Build 5076996 Wed May 22 18:37:14 MDT 2024
| Date         : Wed Feb  5 20:38:05 2025
| Host         : RyuBAI-PC running 64-bit major release  (build 9200)
| Command      : upgrade_project -migrate_output_products
| Project_Path : E:/Projects/Hardware/gba-io/reference/Aritx7开发板资料d/FPGA例程/100T/gpif_vfifo/gpif_vfifo.xpr
---------------------------------------------------------------------------------------------------------------------------------------------

Project Status Summary

1. Project IP Status
--------------------
This project contains 3 IP and 1 Block Designs.


1.1 Project IP Instances
+--------------------------------+-------------------------+-------------------------------------+-------------------------------------+
| Instance Name                  | Status                  | Reason                              | Recommendation                      |
+--------------------------------+-------------------------+-------------------------------------+-------------------------------------+
| data_fifo                      | Will be Migrated.       |                                     |                                     |
+--------------------------------+-------------------------+-------------------------------------+-------------------------------------+
| hs_rx_pkt_fifo                 | Will be Migrated.       |                                     |                                     |
+--------------------------------+-------------------------+-------------------------------------+-------------------------------------+
| hs_tx_fifo                     | Will be Migrated.       |                                     |                                     |
+--------------------------------+-------------------------+-------------------------------------+-------------------------------------+
| vfifo_auto_us_0                | Will be Migrated.       |                                     |                                     |
+--------------------------------+-------------------------+-------------------------------------+-------------------------------------+
| vfifo_axi_mem_intercon_0       | Will be Migrated.       |                                     |                                     |
+--------------------------------+-------------------------+-------------------------------------+-------------------------------------+
| vfifo_axi_vfifo_ctrl_0_0       | Will be Migrated.       |                                     |                                     |
+--------------------------------+-------------------------+-------------------------------------+-------------------------------------+
| vfifo_axis_data_fifo_0_0       | Will be Migrated.       |                                     |                                     |
+--------------------------------+-------------------------+-------------------------------------+-------------------------------------+
| vfifo_axis_data_fifo_1_0       | Will be Migrated.       |                                     |                                     |
+--------------------------------+-------------------------+-------------------------------------+-------------------------------------+
| vfifo_axis_switch_0_0          | Will be Migrated.       |                                     |                                     |
+--------------------------------+-------------------------+-------------------------------------+-------------------------------------+
| vfifo_axis_switch_1_0          | Will be Migrated.       |                                     |                                     |
+--------------------------------+-------------------------+-------------------------------------+-------------------------------------+
| vfifo_mig_7series_0_0          | Will be Migrated.       |                                     |                                     |
+--------------------------------+-------------------------+-------------------------------------+-------------------------------------+
| vfifo_rst_mig_7series_0_100M_0 | Will be Migrated.       |                                     |                                     |
+--------------------------------+-------------------------+-------------------------------------+-------------------------------------+


1.2 Project Block Designs
+-------+-------------------------+-------------------------------------+-------------------------------------+
| Desig | Status                  | Reason                              | Recommendation                      |
| Name  |                         |                                     |                                     |
+-------+-------------------------+-------------------------------------+-------------------------------------+
| vfifo | Will be Migrated.       |                                     |                                     |
+-------+-------------------------+-------------------------------------+-------------------------------------+



