#-----------------------------------------------------------
# Vivado v2024.1 (64-bit)
# SW Build 5076996 on Wed May 22 18:37:14 MDT 2024
# IP Build 5075265 on Wed May 22 21:45:21 MDT 2024
# SharedData Build 5076995 on Wed May 22 18:29:18 MDT 2024
# Start of session at: Wed Feb  5 20:37:22 2025
# Process ID: 28156
# Current directory: E:/Projects/Hardware/gba-io/reference/Aritx7开发板资料d/FPGA例程/100T/gpif_vfifo
# Command line: vivado.exe -gui_launcher_event rodinguilauncherevent14380 E:\Projects\Hardware\gba-io\reference\Aritx7开发板资料d\FPGA例程\100T\gpif_vfifo\gpif_vfifo.xpr
# Log file: E:/Projects/Hardware/gba-io/reference/Aritx7开发板资料d/FPGA例程/100T/gpif_vfifo/vivado.log
# Journal file: E:/Projects/Hardware/gba-io/reference/Aritx7开发板资料d/FPGA例程/100T/gpif_vfifo\vivado.jou
# Running On        :RyuBAI-PC
# Platform          :Windows Server 2016 or Windows 10
# Operating System  :19044
# Processor Detail  :AMD Ryzen 9 5900X 12-Core Processor            
# CPU Frequency     :3700 MHz
# CPU Physical cores:12
# CPU Logical cores :24
# Host memory       :34281 MB
# Swap memory       :17448 MB
# Total Virtual     :51729 MB
# Available Virtual :28146 MB
#-----------------------------------------------------------
start_gui
open_project E:/Projects/Hardware/gba-io/reference/Aritx7开发板资料d/FPGA例程/100T/gpif_vfifo/gpif_vfifo.xpr
INFO: [ProjectBase 1-489] The host OS only allows 260 characters in a normal path. The project is stored in a path with more than 80 characters. If you experience issues with IP, Block Designs, or files not being found, please consider moving the project to a location with a shorter path. Alternately consider using the OS subst command to map part of the path to a drive letter.
Current project path is 'E:/Projects/Hardware/gba-io/reference/Aritx7开发板资料d/FPGA例程/100T/gpif_vfifo'
WARNING: [Board 49-26] cannot add Board Part xilinx.com:kc705:part0:1.6 available at E:/ProgramTools/Xilinx/Vivado/2024.1/data/xhub/boards/XilinxBoardStore/boards/Xilinx/kc705/1.6/board.xml as part xc7k325tffg900-2 specified in board_part file is either invalid or not available
WARNING: [Board 49-26] cannot add Board Part xilinx.com:kcu105:part0:1.6 available at E:/ProgramTools/Xilinx/Vivado/2024.1/data/xhub/boards/XilinxBoardStore/boards/Xilinx/kcu105/1.6/board.xml as part xcku040-ffva1156-2-e specified in board_part file is either invalid or not available
WARNING: [Board 49-26] cannot add Board Part xilinx.com:kcu105:part0:1.7 available at E:/ProgramTools/Xilinx/Vivado/2024.1/data/xhub/boards/XilinxBoardStore/boards/Xilinx/kcu105/1.7/board.xml as part xcku040-ffva1156-2-e specified in board_part file is either invalid or not available
WARNING: [Board 49-26] cannot add Board Part xilinx.com:kcu116:part0:1.4 available at E:/ProgramTools/Xilinx/Vivado/2024.1/data/xhub/boards/XilinxBoardStore/boards/Xilinx/kcu116/1.4/board.xml as part xcku5p-ffvb676-2-e specified in board_part file is either invalid or not available
WARNING: [Board 49-26] cannot add Board Part xilinx.com:kcu116:part0:1.5 available at E:/ProgramTools/Xilinx/Vivado/2024.1/data/xhub/boards/XilinxBoardStore/boards/Xilinx/kcu116/1.5/board.xml as part xcku5p-ffvb676-2-e specified in board_part file is either invalid or not available
WARNING: [Board 49-26] cannot add Board Part xilinx.com:kcu1500:part0:1.2 available at E:/ProgramTools/Xilinx/Vivado/2024.1/data/xhub/boards/XilinxBoardStore/boards/Xilinx/kcu1500/1.2/board.xml as part xcku115-flvb2104-2-e specified in board_part file is either invalid or not available
WARNING: [Board 49-26] cannot add Board Part xilinx.com:sp701:part0:1.0 available at E:/ProgramTools/Xilinx/Vivado/2024.1/data/xhub/boards/XilinxBoardStore/boards/Xilinx/sp701/1.0/board.xml as part xc7s100fgga676-2 specified in board_part file is either invalid or not available
WARNING: [Board 49-26] cannot add Board Part xilinx.com:sp701:part0:1.1 available at E:/ProgramTools/Xilinx/Vivado/2024.1/data/xhub/boards/XilinxBoardStore/boards/Xilinx/sp701/1.1/board.xml as part xc7s100fgga676-2 specified in board_part file is either invalid or not available
WARNING: [Board 49-26] cannot add Board Part xilinx.com:vc707:part0:1.4 available at E:/ProgramTools/Xilinx/Vivado/2024.1/data/xhub/boards/XilinxBoardStore/boards/Xilinx/vc707/1.4/board.xml as part xc7vx485tffg1761-2 specified in board_part file is either invalid or not available
WARNING: [Board 49-26] cannot add Board Part xilinx.com:vc709:part0:1.8 available at E:/ProgramTools/Xilinx/Vivado/2024.1/data/xhub/boards/XilinxBoardStore/boards/Xilinx/vc709/1.8/board.xml as part xc7vx690tffg1761-2 specified in board_part file is either invalid or not available
WARNING: [Board 49-26] cannot add Board Part xilinx.com:vck190:part0:2.2 available at E:/ProgramTools/Xilinx/Vivado/2024.1/data/xhub/boards/XilinxBoardStore/boards/Xilinx/vck190/production/2.2/board.xml as part xcvc1902-vsva2197-2mp-e-s specified in board_part file is either invalid or not available
WARNING: [Board 49-26] cannot add Board Part xilinx.com:vck190:part0:3.0 available at E:/ProgramTools/Xilinx/Vivado/2024.1/data/xhub/boards/XilinxBoardStore/boards/Xilinx/vck190/production/3.0/board.xml as part xcvc1902-vsva2197-2mp-e-s specified in board_part file is either invalid or not available
WARNING: [Board 49-26] cannot add Board Part xilinx.com:vck190:part0:3.1 available at E:/ProgramTools/Xilinx/Vivado/2024.1/data/xhub/boards/XilinxBoardStore/boards/Xilinx/vck190/production/3.1/board.xml as part xcvc1902-vsva2197-2mp-e-s specified in board_part file is either invalid or not available
WARNING: [Board 49-26] cannot add Board Part xilinx.com:vck190:part0:3.2 available at E:/ProgramTools/Xilinx/Vivado/2024.1/data/xhub/boards/XilinxBoardStore/boards/Xilinx/vck190/production/3.2/board.xml as part xcvc1902-vsva2197-2mp-e-s specified in board_part file is either invalid or not available
WARNING: [Board 49-26] cannot add Board Part xilinx.com:vck190:part0:3.3 available at E:/ProgramTools/Xilinx/Vivado/2024.1/data/xhub/boards/XilinxBoardStore/boards/Xilinx/vck190/production/3.3/board.xml as part xcvc1902-vsva2197-2mp-e-s specified in board_part file is either invalid or not available
WARNING: [Board 49-26] cannot add Board Part xilinx.com:vck190_newl:part0:1.0 available at E:/ProgramTools/Xilinx/Vivado/2024.1/data/xhub/boards/XilinxBoardStore/boards/Xilinx/vck190_newl/production/1.0/board.xml as part xcvc1902-vsva2197-2mp-e-s specified in board_part file is either invalid or not available
WARNING: [Board 49-26] cannot add Board Part xilinx.com:vck190_newl:part0:1.1 available at E:/ProgramTools/Xilinx/Vivado/2024.1/data/xhub/boards/XilinxBoardStore/boards/Xilinx/vck190_newl/production/1.1/board.xml as part xcvc1902-vsva2197-2mp-e-s specified in board_part file is either invalid or not available
WARNING: [Board 49-26] cannot add Board Part xilinx.com:vck190_newl:part0:1.2 available at E:/ProgramTools/Xilinx/Vivado/2024.1/data/xhub/boards/XilinxBoardStore/boards/Xilinx/vck190_newl/production/1.2/board.xml as part xcvc1902-vsva2197-2mp-e-s specified in board_part file is either invalid or not available
WARNING: [Board 49-26] cannot add Board Part xilinx.com:vcu108:part0:1.6 available at E:/ProgramTools/Xilinx/Vivado/2024.1/data/xhub/boards/XilinxBoardStore/boards/Xilinx/vcu108/1.6/board.xml as part xcvu095-ffva2104-2-e specified in board_part file is either invalid or not available
WARNING: [Board 49-26] cannot add Board Part xilinx.com:vcu108:part0:1.7 available at E:/ProgramTools/Xilinx/Vivado/2024.1/data/xhub/boards/XilinxBoardStore/boards/Xilinx/vcu108/1.7/board.xml as part xcvu095-ffva2104-2-e specified in board_part file is either invalid or not available
WARNING: [Board 49-26] cannot add Board Part xilinx.com:vcu110:part0:1.4 available at E:/ProgramTools/Xilinx/Vivado/2024.1/data/xhub/boards/XilinxBoardStore/boards/Xilinx/vcu110/1.4/board.xml as part xcvu190-flgc2104-2-e specified in board_part file is either invalid or not available
WARNING: [Board 49-26] cannot add Board Part xilinx.com:vcu118:part0:2.0 available at E:/ProgramTools/Xilinx/Vivado/2024.1/data/xhub/boards/XilinxBoardStore/boards/Xilinx/vcu118/2.0/board.xml as part xcvu9p-flga2104-2l-e specified in board_part file is either invalid or not available
WARNING: [Board 49-26] cannot add Board Part xilinx.com:vcu118:part0:2.3 available at E:/ProgramTools/Xilinx/Vivado/2024.1/data/xhub/boards/XilinxBoardStore/boards/Xilinx/vcu118/2.3/board.xml as part xcvu9p-flga2104-2l-e specified in board_part file is either invalid or not available
WARNING: [Board 49-26] cannot add Board Part xilinx.com:vcu118:part0:2.4 available at E:/ProgramTools/Xilinx/Vivado/2024.1/data/xhub/boards/XilinxBoardStore/boards/Xilinx/vcu118/2.4/board.xml as part xcvu9p-flga2104-2l-e specified in board_part file is either invalid or not available
WARNING: [Board 49-26] cannot add Board Part xilinx.com:vcu128:part0:1.0 available at E:/ProgramTools/Xilinx/Vivado/2024.1/data/xhub/boards/XilinxBoardStore/boards/Xilinx/vcu128/production/1.0/board.xml as part xcvu37p-fsvh2892-2l-e specified in board_part file is either invalid or not available
WARNING: [Board 49-26] cannot add Board Part xilinx.com:vcu129:part0:1.0 available at E:/ProgramTools/Xilinx/Vivado/2024.1/data/xhub/boards/XilinxBoardStore/boards/Xilinx/vcu129/production/1.0/board.xml as part xcvu29p-fsga2577-2l-e specified in board_part file is either invalid or not available
WARNING: [Board 49-26] cannot add Board Part xilinx.com:vcu1525:part0:1.3 available at E:/ProgramTools/Xilinx/Vivado/2024.1/data/xhub/boards/XilinxBoardStore/boards/Xilinx/vcu1525/1.3/board.xml as part xcvu9p-fsgd2104-2l-e specified in board_part file is either invalid or not available
WARNING: [Board 49-26] cannot add Board Part xilinx.com:vek280:part0:1.0 available at E:/ProgramTools/Xilinx/Vivado/2024.1/data/xhub/boards/XilinxBoardStore/boards/Xilinx/vek280/production/1.0/board.xml as part xcve2802-vsvh1760-2mp-e-s specified in board_part file is either invalid or not available
WARNING: [Board 49-26] cannot add Board Part xilinx.com:vek280:part0:1.1 available at E:/ProgramTools/Xilinx/Vivado/2024.1/data/xhub/boards/XilinxBoardStore/boards/Xilinx/vek280/production/1.1/board.xml as part xcve2802-vsvh1760-2mp-e-s specified in board_part file is either invalid or not available
WARNING: [Board 49-26] cannot add Board Part xilinx.com:vek280:part0:1.2 available at E:/ProgramTools/Xilinx/Vivado/2024.1/data/xhub/boards/XilinxBoardStore/boards/Xilinx/vek280/production/1.2/board.xml as part xcve2802-vsvh1760-2mp-e-s specified in board_part file is either invalid or not available
WARNING: [Board 49-26] cannot add Board Part xilinx.com:vek280_es:part0:1.0 available at E:/ProgramTools/Xilinx/Vivado/2024.1/data/xhub/boards/XilinxBoardStore/boards/Xilinx/vek280/es/rev_a/1.0/board.xml as part xcve2802-vsvh1760-2lp-e-s-es1 specified in board_part file is either invalid or not available
WARNING: [Board 49-26] cannot add Board Part xilinx.com:vek280_es:part0:1.1 available at E:/ProgramTools/Xilinx/Vivado/2024.1/data/xhub/boards/XilinxBoardStore/boards/Xilinx/vek280/es/rev_a/1.1/board.xml as part xcve2802-vsvh1760-2lp-e-s-es1 specified in board_part file is either invalid or not available
WARNING: [Board 49-26] cannot add Board Part xilinx.com:vek280_es_revb:part0:1.0 available at E:/ProgramTools/Xilinx/Vivado/2024.1/data/xhub/boards/XilinxBoardStore/boards/Xilinx/vek280/es/rev_b/1.0/board.xml as part xcve2802-vsvh1760-2mp-e-s-es1 specified in board_part file is either invalid or not available
WARNING: [Board 49-26] cannot add Board Part xilinx.com:vek280_es_revb:part0:1.1 available at E:/ProgramTools/Xilinx/Vivado/2024.1/data/xhub/boards/XilinxBoardStore/boards/Xilinx/vek280/es/rev_b/1.1/board.xml as part xcve2802-vsvh1760-2mp-e-s-es1 specified in board_part file is either invalid or not available
WARNING: [Board 49-26] cannot add Board Part xilinx.com:vermeo_t1_mpsoc:part0:1.0 available at E:/ProgramTools/Xilinx/Vivado/2024.1/data/xhub/boards/XilinxBoardStore/boards/Xilinx/vermeo_t1_mpsoc/1.0/board.xml as part xczu19eg-ffvd1760-2l-e specified in board_part file is either invalid or not available
WARNING: [Board 49-26] cannot add Board Part xilinx.com:vermeo_t1_rfsoc:part0:1.0 available at E:/ProgramTools/Xilinx/Vivado/2024.1/data/xhub/boards/XilinxBoardStore/boards/Xilinx/vermeo_t1_rfsoc/1.0/board.xml as part xczu21dr-ffvd1156-2l-e specified in board_part file is either invalid or not available
WARNING: [Board 49-26] cannot add Board Part xilinx.com:vhk158:part0:1.0 available at E:/ProgramTools/Xilinx/Vivado/2024.1/data/xhub/boards/XilinxBoardStore/boards/Xilinx/vhk158/production/1.0/board.xml as part xcvh1582-vsva3697-2mp-e-s specified in board_part file is either invalid or not available
WARNING: [Board 49-26] cannot add Board Part xilinx.com:vhk158:part0:1.1 available at E:/ProgramTools/Xilinx/Vivado/2024.1/data/xhub/boards/XilinxBoardStore/boards/Xilinx/vhk158/production/1.1/board.xml as part xcvh1582-vsva3697-2mp-e-s specified in board_part file is either invalid or not available
WARNING: [Board 49-26] cannot add Board Part xilinx.com:vhk158_es:part0:1.0 available at E:/ProgramTools/Xilinx/Vivado/2024.1/data/xhub/boards/XilinxBoardStore/boards/Xilinx/vhk158/es/1.0/board.xml as part xcvh1582-vsva3697-2mp-e-s-es1 specified in board_part file is either invalid or not available
WARNING: [Board 49-26] cannot add Board Part xilinx.com:vhk158_es:part0:1.1 available at E:/ProgramTools/Xilinx/Vivado/2024.1/data/xhub/boards/XilinxBoardStore/boards/Xilinx/vhk158/es/1.1/board.xml as part xcvh1582-vsva3697-2mp-e-s-es1 specified in board_part file is either invalid or not available
WARNING: [Board 49-26] cannot add Board Part xilinx.com:vmk180:part0:2.2 available at E:/ProgramTools/Xilinx/Vivado/2024.1/data/xhub/boards/XilinxBoardStore/boards/Xilinx/vmk180/production/2.2/board.xml as part xcvm1802-vsva2197-2mp-e-s specified in board_part file is either invalid or not available
WARNING: [Board 49-26] cannot add Board Part xilinx.com:vmk180:part0:3.0 available at E:/ProgramTools/Xilinx/Vivado/2024.1/data/xhub/boards/XilinxBoardStore/boards/Xilinx/vmk180/production/3.0/board.xml as part xcvm1802-vsva2197-2mp-e-s specified in board_part file is either invalid or not available
WARNING: [Board 49-26] cannot add Board Part xilinx.com:vmk180:part0:3.1 available at E:/ProgramTools/Xilinx/Vivado/2024.1/data/xhub/boards/XilinxBoardStore/boards/Xilinx/vmk180/production/3.1/board.xml as part xcvm1802-vsva2197-2mp-e-s specified in board_part file is either invalid or not available
WARNING: [Board 49-26] cannot add Board Part xilinx.com:vmk180:part0:3.2 available at E:/ProgramTools/Xilinx/Vivado/2024.1/data/xhub/boards/XilinxBoardStore/boards/Xilinx/vmk180/production/3.2/board.xml as part xcvm1802-vsva2197-2mp-e-s specified in board_part file is either invalid or not available
WARNING: [Board 49-26] cannot add Board Part xilinx.com:vmk180_newl:part0:1.0 available at E:/ProgramTools/Xilinx/Vivado/2024.1/data/xhub/boards/XilinxBoardStore/boards/Xilinx/vmk180_newl/production/1.0/board.xml as part xcvm1802-vsva2197-2mp-e-s specified in board_part file is either invalid or not available
WARNING: [Board 49-26] cannot add Board Part xilinx.com:vmk180_newl:part0:1.1 available at E:/ProgramTools/Xilinx/Vivado/2024.1/data/xhub/boards/XilinxBoardStore/boards/Xilinx/vmk180_newl/production/1.1/board.xml as part xcvm1802-vsva2197-2mp-e-s specified in board_part file is either invalid or not available
WARNING: [Board 49-26] cannot add Board Part xilinx.com:vpk120:part0:1.0 available at E:/ProgramTools/Xilinx/Vivado/2024.1/data/xhub/boards/XilinxBoardStore/boards/Xilinx/vpk120/production/1.0/board.xml as part xcvp1202-vsva2785-2mp-e-s specified in board_part file is either invalid or not available
WARNING: [Board 49-26] cannot add Board Part xilinx.com:vpk120:part0:1.1 available at E:/ProgramTools/Xilinx/Vivado/2024.1/data/xhub/boards/XilinxBoardStore/boards/Xilinx/vpk120/production/1.1/board.xml as part xcvp1202-vsva2785-2mp-e-s specified in board_part file is either invalid or not available
WARNING: [Board 49-26] cannot add Board Part xilinx.com:vpk120:part0:1.2 available at E:/ProgramTools/Xilinx/Vivado/2024.1/data/xhub/boards/XilinxBoardStore/boards/Xilinx/vpk120/production/1.2/board.xml as part xcvp1202-vsva2785-2mp-e-s specified in board_part file is either invalid or not available
WARNING: [Board 49-26] cannot add Board Part xilinx.com:vpk180:part0:1.0 available at E:/ProgramTools/Xilinx/Vivado/2024.1/data/xhub/boards/XilinxBoardStore/boards/Xilinx/vpk180/production/1.0/board.xml as part xcvp1802-lsvc4072-2mp-e-s specified in board_part file is either invalid or not available
WARNING: [Board 49-26] cannot add Board Part xilinx.com:vpk180:part0:1.1 available at E:/ProgramTools/Xilinx/Vivado/2024.1/data/xhub/boards/XilinxBoardStore/boards/Xilinx/vpk180/production/1.1/board.xml as part xcvp1802-lsvc4072-2mp-e-s specified in board_part file is either invalid or not available
WARNING: [Board 49-26] cannot add Board Part xilinx.com:vpk180:part0:1.2 available at E:/ProgramTools/Xilinx/Vivado/2024.1/data/xhub/boards/XilinxBoardStore/boards/Xilinx/vpk180/production/1.2/board.xml as part xcvp1802-lsvc4072-2mp-e-s specified in board_part file is either invalid or not available
WARNING: [Board 49-26] cannot add Board Part xilinx.com:zc702:part0:1.4 available at E:/ProgramTools/Xilinx/Vivado/2024.1/data/xhub/boards/XilinxBoardStore/boards/Xilinx/zc702/1.4/board.xml as part xc7z020clg484-1 specified in board_part file is either invalid or not available
WARNING: [Board 49-26] cannot add Board Part xilinx.com:zc706:part0:1.4 available at E:/ProgramTools/Xilinx/Vivado/2024.1/data/xhub/boards/XilinxBoardStore/boards/Xilinx/zc706/1.4/board.xml as part xc7z045ffg900-2 specified in board_part file is either invalid or not available
WARNING: [Board 49-26] cannot add Board Part xilinx.com:zcu102:part0:3.3 available at E:/ProgramTools/Xilinx/Vivado/2024.1/data/xhub/boards/XilinxBoardStore/boards/Xilinx/zcu102/3.3/board.xml as part xczu9eg-ffvb1156-2-e specified in board_part file is either invalid or not available
WARNING: [Board 49-26] cannot add Board Part xilinx.com:zcu102:part0:3.4 available at E:/ProgramTools/Xilinx/Vivado/2024.1/data/xhub/boards/XilinxBoardStore/boards/Xilinx/zcu102/3.4/board.xml as part xczu9eg-ffvb1156-2-e specified in board_part file is either invalid or not available
WARNING: [Board 49-26] cannot add Board Part xilinx.com:zcu104:part0:1.1 available at E:/ProgramTools/Xilinx/Vivado/2024.1/data/xhub/boards/XilinxBoardStore/boards/Xilinx/zcu104/1.1/board.xml as part xczu7ev-ffvc1156-2-e specified in board_part file is either invalid or not available
WARNING: [Board 49-26] cannot add Board Part xilinx.com:zcu106:part0:2.4 available at E:/ProgramTools/Xilinx/Vivado/2024.1/data/xhub/boards/XilinxBoardStore/boards/Xilinx/zcu106/2.4/board.xml as part xczu7ev-ffvc1156-2-e specified in board_part file is either invalid or not available
WARNING: [Board 49-26] cannot add Board Part xilinx.com:zcu106:part0:2.5 available at E:/ProgramTools/Xilinx/Vivado/2024.1/data/xhub/boards/XilinxBoardStore/boards/Xilinx/zcu106/2.5/board.xml as part xczu7ev-ffvc1156-2-e specified in board_part file is either invalid or not available
WARNING: [Board 49-26] cannot add Board Part xilinx.com:zcu106:part0:2.6 available at E:/ProgramTools/Xilinx/Vivado/2024.1/data/xhub/boards/XilinxBoardStore/boards/Xilinx/zcu106/2.6/board.xml as part xczu7ev-ffvc1156-2-e specified in board_part file is either invalid or not available
WARNING: [Board 49-26] cannot add Board Part xilinx.com:zcu111:part0:1.2 available at E:/ProgramTools/Xilinx/Vivado/2024.1/data/xhub/boards/XilinxBoardStore/boards/Xilinx/zcu111/1.2/board.xml as part xczu28dr-ffvg1517-2-e specified in board_part file is either invalid or not available
WARNING: [Board 49-26] cannot add Board Part xilinx.com:zcu111:part0:1.3 available at E:/ProgramTools/Xilinx/Vivado/2024.1/data/xhub/boards/XilinxBoardStore/boards/Xilinx/zcu111/1.3/board.xml as part xczu28dr-ffvg1517-2-e specified in board_part file is either invalid or not available
WARNING: [Board 49-26] cannot add Board Part xilinx.com:zcu111:part0:1.4 available at E:/ProgramTools/Xilinx/Vivado/2024.1/data/xhub/boards/XilinxBoardStore/boards/Xilinx/zcu111/1.4/board.xml as part xczu28dr-ffvg1517-2-e specified in board_part file is either invalid or not available
WARNING: [Board 49-26] cannot add Board Part xilinx.com:zcu1275:part0:1.0 available at E:/ProgramTools/Xilinx/Vivado/2024.1/data/xhub/boards/XilinxBoardStore/boards/Xilinx/zcu1275/1.0/board.xml as part xczu29dr-ffvf1760-2-e specified in board_part file is either invalid or not available
WARNING: [Board 49-26] cannot add Board Part xilinx.com:zcu1285:part0:1.0 available at E:/ProgramTools/Xilinx/Vivado/2024.1/data/xhub/boards/XilinxBoardStore/boards/Xilinx/zcu1285/1.0/board.xml as part xczu39dr-ffvf1760-2-i specified in board_part file is either invalid or not available
WARNING: [Board 49-26] cannot add Board Part xilinx.com:zcu208:part0:2.0 available at E:/ProgramTools/Xilinx/Vivado/2024.1/data/xhub/boards/XilinxBoardStore/boards/Xilinx/zcu208/production/2.0/board.xml as part xczu48dr-fsvg1517-2-e specified in board_part file is either invalid or not available
WARNING: [Board 49-26] cannot add Board Part xilinx.com:zcu208ld:part0:2.0 available at E:/ProgramTools/Xilinx/Vivado/2024.1/data/xhub/boards/XilinxBoardStore/boards/Xilinx/zcu208ld/production/2.0/board.xml as part xczu58dr-fsvg1517-2-i specified in board_part file is either invalid or not available
WARNING: [Board 49-26] cannot add Board Part xilinx.com:zcu216:part0:2.0 available at E:/ProgramTools/Xilinx/Vivado/2024.1/data/xhub/boards/XilinxBoardStore/boards/Xilinx/zcu216/production/2.0/board.xml as part xczu49dr-ffvf1760-2-e specified in board_part file is either invalid or not available
WARNING: [Board 49-26] cannot add Board Part xilinx.com:zcu216ld:part0:2.0 available at E:/ProgramTools/Xilinx/Vivado/2024.1/data/xhub/boards/XilinxBoardStore/boards/Xilinx/zcu216ld/production/2.0/board.xml as part xczu59dr-ffvf1760-2-i specified in board_part file is either invalid or not available
WARNING: [Board 49-26] cannot add Board Part xilinx.com:zcu670:part0:2.0 available at E:/ProgramTools/Xilinx/Vivado/2024.1/data/xhub/boards/XilinxBoardStore/boards/Xilinx/zcu670/2.0/board.xml as part xczu67dr-fsve1156-2-i specified in board_part file is either invalid or not available
WARNING: [Board 49-26] cannot add Board Part xilinx.com:zcu670ld:part0:1.0 available at E:/ProgramTools/Xilinx/Vivado/2024.1/data/xhub/boards/XilinxBoardStore/boards/Xilinx/zcu670ld/1.0/board.xml as part xczu57dr-fsve1156-2-i specified in board_part file is either invalid or not available
INFO: [Project 1-313] Project file moved from 'F:/workspace/gpif_vfifo' since last save.
Scanning sources...
Finished scanning sources
INFO: [IP_Flow 19-234] Refreshing IP repositories
INFO: [IP_Flow 19-1704] No user IP repositories specified
INFO: [IP_Flow 19-2313] Loaded Vivado IP repository 'E:/ProgramTools/Xilinx/Vivado/2024.1/data/ip'.
WARNING: [BD 41-1661] One or more IPs have been locked in the design 'vfifo.bd'. Please run report_ip_status for more details and recommendations on how to fix this issue.
List of locked IPs:
vfifo_axi_vfifo_ctrl_0_0
vfifo_auto_us_0
vfifo_axis_data_fifo_0_0
vfifo_rst_mig_7series_0_100M_0
vfifo_axis_switch_0_0
vfifo_axis_switch_1_0
vfifo_axis_data_fifo_1_0
vfifo_axi_mem_intercon_0

WARNING: [IP_Flow 19-2162] IP 'hs_tx_fifo' is locked:
* IP definition 'FIFO Generator (13.2)' for IP 'hs_tx_fifo' (customized with software release 2019.1) has a different revision in the IP Catalog.
WARNING: [IP_Flow 19-2162] IP 'data_fifo' is locked:
* IP definition 'FIFO Generator (13.2)' for IP 'data_fifo' (customized with software release 2019.1) has a different revision in the IP Catalog.
WARNING: [IP_Flow 19-2162] IP 'hs_rx_pkt_fifo' is locked:
* IP definition 'FIFO Generator (13.2)' for IP 'hs_rx_pkt_fifo' (customized with software release 2019.1) has a different revision in the IP Catalog.
INFO: [Project 1-230] Project 'gpif_vfifo.xpr' upgraded for this version of Vivado.
open_project: Time (s): cpu = 00:00:19 ; elapsed = 00:00:10 . Memory (MB): peak = 1686.191 ; gain = 483.406
upgrade_project -migrate_output_products
INFO: [BD 41-2710] Migrated 'vfifo_mig_7series_0_0.xci'
  Source files are located in 'e:/Projects/Hardware/gba-io/reference/Aritx7开发板资料d/FPGA例程/100T/gpif_vfifo/gpif_vfifo.srcs/sources_1/bd/vfifo/ip/vfifo_mig_7series_0_0'
  Output files are located in 'e:/Projects/Hardware/gba-io/reference/Aritx7开发板资料d/FPGA例程/100T/gpif_vfifo/gpif_vfifo.gen/sources_1/bd/vfifo/ip/vfifo_mig_7series_0_0'.
WARNING: [IP_Flow 19-2162] IP 'vfifo_axi_vfifo_ctrl_0_0' is locked:
* IP definition 'AXI Virtual FIFO Controller (2.0)' for IP 'vfifo_axi_vfifo_ctrl_0_0' (customized with software release 2019.1) has a different revision in the IP Catalog.
INFO: [BD 41-2710] Migrated 'vfifo_axi_vfifo_ctrl_0_0.xci'
  Source files are located in 'e:/Projects/Hardware/gba-io/reference/Aritx7开发板资料d/FPGA例程/100T/gpif_vfifo/gpif_vfifo.srcs/sources_1/bd/vfifo/ip/vfifo_axi_vfifo_ctrl_0_0'
  Output files are located in 'e:/Projects/Hardware/gba-io/reference/Aritx7开发板资料d/FPGA例程/100T/gpif_vfifo/gpif_vfifo.gen/sources_1/bd/vfifo/ip/vfifo_axi_vfifo_ctrl_0_0'.
WARNING: [IP_Flow 19-2162] IP 'vfifo_rst_mig_7series_0_100M_0' is locked:
* IP definition 'Processor System Reset (5.0)' for IP 'vfifo_rst_mig_7series_0_100M_0' (customized with software release 2019.1) has a different revision in the IP Catalog.
INFO: [BD 41-2710] Migrated 'vfifo_rst_mig_7series_0_100M_0.xci'
  Source files are located in 'e:/Projects/Hardware/gba-io/reference/Aritx7开发板资料d/FPGA例程/100T/gpif_vfifo/gpif_vfifo.srcs/sources_1/bd/vfifo/ip/vfifo_rst_mig_7series_0_100M_0'
  Output files are located in 'e:/Projects/Hardware/gba-io/reference/Aritx7开发板资料d/FPGA例程/100T/gpif_vfifo/gpif_vfifo.gen/sources_1/bd/vfifo/ip/vfifo_rst_mig_7series_0_100M_0'.
WARNING: [IP_Flow 19-2162] IP 'vfifo_axis_switch_0_0' is locked:
* IP definition 'AXI4-Stream Switch (1.1)' for IP 'vfifo_axis_switch_0_0' (customized with software release 2019.1) has a different revision in the IP Catalog.
INFO: [BD 41-2710] Migrated 'vfifo_axis_switch_0_0.xci'
  Source files are located in 'e:/Projects/Hardware/gba-io/reference/Aritx7开发板资料d/FPGA例程/100T/gpif_vfifo/gpif_vfifo.srcs/sources_1/bd/vfifo/ip/vfifo_axis_switch_0_0'
  Output files are located in 'e:/Projects/Hardware/gba-io/reference/Aritx7开发板资料d/FPGA例程/100T/gpif_vfifo/gpif_vfifo.gen/sources_1/bd/vfifo/ip/vfifo_axis_switch_0_0'.
WARNING: [IP_Flow 19-2162] IP 'vfifo_axis_switch_1_0' is locked:
* IP definition 'AXI4-Stream Switch (1.1)' for IP 'vfifo_axis_switch_1_0' (customized with software release 2019.1) has a different revision in the IP Catalog.
INFO: [BD 41-2710] Migrated 'vfifo_axis_switch_1_0.xci'
  Source files are located in 'e:/Projects/Hardware/gba-io/reference/Aritx7开发板资料d/FPGA例程/100T/gpif_vfifo/gpif_vfifo.srcs/sources_1/bd/vfifo/ip/vfifo_axis_switch_1_0'
  Output files are located in 'e:/Projects/Hardware/gba-io/reference/Aritx7开发板资料d/FPGA例程/100T/gpif_vfifo/gpif_vfifo.gen/sources_1/bd/vfifo/ip/vfifo_axis_switch_1_0'.
WARNING: [IP_Flow 19-2162] IP 'vfifo_axis_data_fifo_0_0' is locked:
* IP definition 'AXI4-Stream Data FIFO (2.0)' for IP 'vfifo_axis_data_fifo_0_0' (customized with software release 2019.1) has a different revision in the IP Catalog.
INFO: [BD 41-2710] Migrated 'vfifo_axis_data_fifo_0_0.xci'
  Source files are located in 'e:/Projects/Hardware/gba-io/reference/Aritx7开发板资料d/FPGA例程/100T/gpif_vfifo/gpif_vfifo.srcs/sources_1/bd/vfifo/ip/vfifo_axis_data_fifo_0_0'
  Output files are located in 'e:/Projects/Hardware/gba-io/reference/Aritx7开发板资料d/FPGA例程/100T/gpif_vfifo/gpif_vfifo.gen/sources_1/bd/vfifo/ip/vfifo_axis_data_fifo_0_0'.
WARNING: [IP_Flow 19-2162] IP 'vfifo_axi_mem_intercon_0' is locked:
* IP definition 'AXI Interconnect (2.1)' for IP 'vfifo_axi_mem_intercon_0' (customized with software release 2019.1) has a different revision in the IP Catalog.
INFO: [BD 41-2710] Migrated 'vfifo_axi_mem_intercon_0.xci'
  Source files are located in 'e:/Projects/Hardware/gba-io/reference/Aritx7开发板资料d/FPGA例程/100T/gpif_vfifo/gpif_vfifo.srcs/sources_1/bd/vfifo/ip/vfifo_axi_mem_intercon_0'
  Output files are located in 'e:/Projects/Hardware/gba-io/reference/Aritx7开发板资料d/FPGA例程/100T/gpif_vfifo/gpif_vfifo.gen/sources_1/bd/vfifo/ip/vfifo_axi_mem_intercon_0'.
WARNING: [IP_Flow 19-2162] IP 'vfifo_axis_data_fifo_1_0' is locked:
* IP definition 'AXI4-Stream Data FIFO (2.0)' for IP 'vfifo_axis_data_fifo_1_0' (customized with software release 2019.1) has a different revision in the IP Catalog.
INFO: [BD 41-2710] Migrated 'vfifo_axis_data_fifo_1_0.xci'
  Source files are located in 'e:/Projects/Hardware/gba-io/reference/Aritx7开发板资料d/FPGA例程/100T/gpif_vfifo/gpif_vfifo.srcs/sources_1/bd/vfifo/ip/vfifo_axis_data_fifo_1_0'
  Output files are located in 'e:/Projects/Hardware/gba-io/reference/Aritx7开发板资料d/FPGA例程/100T/gpif_vfifo/gpif_vfifo.gen/sources_1/bd/vfifo/ip/vfifo_axis_data_fifo_1_0'.
WARNING: [IP_Flow 19-2162] IP 'vfifo_auto_us_0' is locked:
* IP definition 'AXI Data Width Converter (2.1)' for IP 'vfifo_auto_us_0' (customized with software release 2019.1) has a different revision in the IP Catalog.
INFO: [BD 41-2710] Migrated 'vfifo_auto_us_0.xci'
  Source files are located in 'e:/Projects/Hardware/gba-io/reference/Aritx7开发板资料d/FPGA例程/100T/gpif_vfifo/gpif_vfifo.srcs/sources_1/bd/vfifo/ip/vfifo_auto_us_0'
  Output files are located in 'e:/Projects/Hardware/gba-io/reference/Aritx7开发板资料d/FPGA例程/100T/gpif_vfifo/gpif_vfifo.gen/sources_1/bd/vfifo/ip/vfifo_auto_us_0'.
WARNING: [IP_Flow 19-2162] IP 'hs_tx_fifo' is locked:
* IP definition 'FIFO Generator (13.2)' for IP 'hs_tx_fifo' (customized with software release 2019.1) has a different revision in the IP Catalog.
INFO: [Coretcl 2-1816] Migrated 'hs_tx_fifo.xci'
  Source files are located in 'e:/Projects/Hardware/gba-io/reference/Aritx7开发板资料d/FPGA例程/100T/gpif_vfifo/gpif_vfifo.srcs/sources_1/ip/hs_tx_fifo'
  Output files are located in 'e:/Projects/Hardware/gba-io/reference/Aritx7开发板资料d/FPGA例程/100T/gpif_vfifo/gpif_vfifo.gen/sources_1/ip/hs_tx_fifo'.
WARNING: [IP_Flow 19-2162] IP 'data_fifo' is locked:
* IP definition 'FIFO Generator (13.2)' for IP 'data_fifo' (customized with software release 2019.1) has a different revision in the IP Catalog.
INFO: [Coretcl 2-1816] Migrated 'data_fifo.xci'
  Source files are located in 'e:/Projects/Hardware/gba-io/reference/Aritx7开发板资料d/FPGA例程/100T/gpif_vfifo/gpif_vfifo.srcs/sources_1/ip/data_fifo'
  Output files are located in 'e:/Projects/Hardware/gba-io/reference/Aritx7开发板资料d/FPGA例程/100T/gpif_vfifo/gpif_vfifo.gen/sources_1/ip/data_fifo'.
WARNING: [IP_Flow 19-2162] IP 'hs_rx_pkt_fifo' is locked:
* IP definition 'FIFO Generator (13.2)' for IP 'hs_rx_pkt_fifo' (customized with software release 2019.1) has a different revision in the IP Catalog.
INFO: [Coretcl 2-1816] Migrated 'hs_rx_pkt_fifo.xci'
  Source files are located in 'e:/Projects/Hardware/gba-io/reference/Aritx7开发板资料d/FPGA例程/100T/gpif_vfifo/gpif_vfifo.srcs/sources_1/ip/hs_rx_pkt_fifo'
  Output files are located in 'e:/Projects/Hardware/gba-io/reference/Aritx7开发板资料d/FPGA例程/100T/gpif_vfifo/gpif_vfifo.gen/sources_1/ip/hs_rx_pkt_fifo'.
update_compile_order -fileset sources_1
report_ip_status -name ip_status 
exit
INFO: [Common 17-206] Exiting Vivado at Wed Feb  5 20:39:32 2025...
